# JRE version: OpenJDK Runtime Environment (17.0.2+8) (build 17.0.2+8-86)
# Java VM: OpenJDK 64-Bit Server VM (17.0.2+8-86, mixed mode, sharing, tiered, compressed oops, compressed class ptrs, g1 gc, windows-amd64)
GC Precious Log:
 CPUs: 4 total, 4 available
 Memory: 8071M
 Large Page Support: Disabled
 NUMA Support: Disabled
 Compressed Oops: Enabled (32-bit)
 Heap Region Size: 1M
 Heap Min Capacity: 8M
 Heap Initial Capacity: 128M
 Heap Max Capacity: 2018M
 Pre-touch: Disabled
 Parallel Workers: 4
 Concurrent Workers: 1
 Concurrent Refinement Workers: 4
 Periodic GC: Disabled
Heap:
 garbage-first heap   total 48128K, used 36163K [0x0000000081e00000, 0x0000000100000000)
  region size 1024K, 13 young (13312K), 1 survivors (1024K)
 Metaspace       used 56757K, committed 57152K, reserved 1105920K
  class space    used 7553K, committed 7744K, reserved 1048576K
GC Heap History (20 events):
Event: 8.148 GC heap before
{Heap before GC invocations=5 (full 0):
 garbage-first heap   total 48128K, used 36863K [0x0000000081e00000, 0x0000000100000000)
  region size 1024K, 31 young (31744K), 6 survivors (6144K)
 Metaspace       used 26175K, committed 26496K, reserved 1073152K
  class space    used 3270K, committed 3392K, reserved 1048576K
}
Event: 8.164 GC heap after
{Heap after GC invocations=6 (full 0):
 garbage-first heap   total 48128K, used 14650K [0x0000000081e00000, 0x0000000100000000)
  region size 1024K, 7 young (7168K), 7 survivors (7168K)
 Metaspace       used 26175K, committed 26496K, reserved 1073152K
  class space    used 3270K, committed 3392K, reserved 1048576K
}
Event: 8.191 GC heap before
{Heap before GC invocations=6 (full 0):
 garbage-first heap   total 48128K, used 14650K [0x0000000081e00000, 0x0000000100000000)
  region size 1024K, 8 young (8192K), 7 survivors (7168K)
 Metaspace       used 26283K, committed 26624K, reserved 1073152K
  class space    used 3290K, committed 3456K, reserved 1048576K
}
Event: 8.199 GC heap after
{Heap after GC invocations=7 (full 0):
 garbage-first heap   total 48128K, used 15339K [0x0000000081e00000, 0x0000000100000000)
  region size 1024K, 1 young (1024K), 1 survivors (1024K)
 Metaspace       used 26283K, committed 26624K, reserved 1073152K
  class space    used 3290K, committed 3456K, reserved 1048576K
}
Event: 9.237 GC heap before
{Heap before GC invocations=7 (full 0):
 garbage-first heap   total 48128K, used 32747K [0x0000000081e00000, 0x0000000100000000)
  region size 1024K, 19 young (19456K), 1 survivors (1024K)
 Metaspace       used 31073K, committed 31360K, reserved 1081344K
  class space    used 3819K, committed 3968K, reserved 1048576K
}
Event: 9.242 GC heap after
{Heap after GC invocations=8 (full 0):
 garbage-first heap   total 48128K, used 16053K [0x0000000081e00000, 0x0000000100000000)
  region size 1024K, 2 young (2048K), 2 survivors (2048K)
 Metaspace       used 31073K, committed 31360K, reserved 1081344K
  class space    used 3819K, committed 3968K, reserved 1048576K
}
Event: 10.034 GC heap before
{Heap before GC invocations=8 (full 0):
 garbage-first heap   total 48128K, used 33461K [0x0000000081e00000, 0x0000000100000000)
  region size 1024K, 20 young (20480K), 2 survivors (2048K)
 Metaspace       used 35740K, committed 36096K, reserved 1081344K
  class space    used 4599K, committed 4800K, reserved 1048576K
}
Event: 10.038 GC heap after
{Heap after GC invocations=9 (full 0):
 garbage-first heap   total 48128K, used 16955K [0x0000000081e00000, 0x0000000100000000)
  region size 1024K, 3 young (3072K), 3 survivors (3072K)
 Metaspace       used 35740K, committed 36096K, reserved 1081344K
  class space    used 4599K, committed 4800K, reserved 1048576K
}
Event: 10.995 GC heap before
{Heap before GC invocations=10 (full 0):
 garbage-first heap   total 48128K, used 35387K [0x0000000081e00000, 0x0000000100000000)
  region size 1024K, 21 young (21504K), 3 survivors (3072K)
 Metaspace       used 41148K, committed 41536K, reserved 1089536K
  class space    used 5379K, committed 5568K, reserved 1048576K
}
Event: 11.000 GC heap after
{Heap after GC invocations=11 (full 0):
 garbage-first heap   total 48128K, used 18284K [0x0000000081e00000, 0x0000000100000000)
  region size 1024K, 3 young (3072K), 3 survivors (3072K)
 Metaspace       used 41148K, committed 41536K, reserved 1089536K
  class space    used 5379K, committed 5568K, reserved 1048576K
}
Event: 11.777 GC heap before
{Heap before GC invocations=11 (full 0):
 garbage-first heap   total 48128K, used 35692K [0x0000000081e00000, 0x0000000100000000)
  region size 1024K, 20 young (20480K), 3 survivors (3072K)
 Metaspace       used 45210K, committed 45568K, reserved 1089536K
  class space    used 6071K, committed 6272K, reserved 1048576K
}
Event: 11.784 GC heap after
{Heap after GC invocations=12 (full 0):
 garbage-first heap   total 48128K, used 19029K [0x0000000081e00000, 0x0000000100000000)
  region size 1024K, 3 young (3072K), 3 survivors (3072K)
 Metaspace       used 45210K, committed 45568K, reserved 1089536K
  class space    used 6071K, committed 6272K, reserved 1048576K
}
Event: 12.850 GC heap before
{Heap before GC invocations=12 (full 0):
 garbage-first heap   total 48128K, used 35413K [0x0000000081e00000, 0x0000000100000000)
  region size 1024K, 20 young (20480K), 3 survivors (3072K)
 Metaspace       used 48596K, committed 48960K, reserved 1097728K
  class space    used 6541K, committed 6720K, reserved 1048576K
}
Event: 12.855 GC heap after
{Heap after GC invocations=13 (full 0):
 garbage-first heap   total 48128K, used 20637K [0x0000000081e00000, 0x0000000100000000)
  region size 1024K, 3 young (3072K), 3 survivors (3072K)
 Metaspace       used 48596K, committed 48960K, reserved 1097728K
  class space    used 6541K, committed 6720K, reserved 1048576K
}
Event: 13.397 GC heap before
{Heap before GC invocations=13 (full 0):
 garbage-first heap   total 48128K, used 37021K [0x0000000081e00000, 0x0000000100000000)
  region size 1024K, 19 young (19456K), 3 survivors (3072K)
 Metaspace       used 50654K, committed 51008K, reserved 1097728K
  class space    used 6817K, committed 6976K, reserved 1048576K
}
Event: 13.405 GC heap after
{Heap after GC invocations=14 (full 0):
 garbage-first heap   total 48128K, used 22232K [0x0000000081e00000, 0x0000000100000000)
  region size 1024K, 3 young (3072K), 3 survivors (3072K)
 Metaspace       used 50654K, committed 51008K, reserved 1097728K
  class space    used 6817K, committed 6976K, reserved 1048576K
}
Event: 64.681 GC heap before
{Heap before GC invocations=14 (full 0):
 garbage-first heap   total 48128K, used 37592K [0x0000000081e00000, 0x0000000100000000)
  region size 1024K, 18 young (18432K), 3 survivors (3072K)
 Metaspace       used 52804K, committed 53120K, reserved 1097728K
  class space    used 7065K, committed 7232K, reserved 1048576K
}
Event: 64.694 GC heap after
{Heap after GC invocations=15 (full 0):
 garbage-first heap   total 48128K, used 24012K [0x0000000081e00000, 0x0000000100000000)
  region size 1024K, 2 young (2048K), 2 survivors (2048K)
 Metaspace       used 52804K, committed 53120K, reserved 1097728K
  class space    used 7065K, committed 7232K, reserved 1048576K
}
Event: 86.898 GC heap before
{Heap before GC invocations=15 (full 0):
 garbage-first heap   total 48128K, used 36300K [0x0000000081e00000, 0x0000000100000000)
  region size 1024K, 15 young (15360K), 2 survivors (2048K)
 Metaspace       used 56678K, committed 57024K, reserved 1105920K
  class space    used 7553K, committed 7744K, reserved 1048576K
}
Event: 86.907 GC heap after
{Heap after GC invocations=16 (full 0):
 garbage-first heap   total 48128K, used 24899K [0x0000000081e00000, 0x0000000100000000)
  region size 1024K, 1 young (1024K), 1 survivors (1024K)
 Metaspace       used 56678K, committed 57024K, reserved 1105920K
  class space    used 7553K, committed 7744K, reserved 1048576K
}

